<?xml version="1.0" encoding="UTF-8"?>
<!-- Generated by org.testng.reporters.JUnitXMLReporter -->
<testsuite hostname="a-ff7944704ca64" name="Default test" tests="3" failures="0" timestamp="22 Jul 2012 13:19:57 GMT" time="60.587" errors="0">
  <testcase name="loginTest" time="22.91" classname="com.qtpselenium.facebook.testCases.LoginTest"/>
  <testcase name="loginTest" time="0.0" classname="com.qtpselenium.facebook.testCases.LoginTest">
    <skipped/>
  </testcase> <!-- loginTest -->
  <testcase name="loginTest" time="36.646" classname="com.qtpselenium.facebook.testCases.LoginTest"/>
</testsuite> <!-- Default test -->
