<?xml version="1.0" encoding="UTF-8"?>
<!-- Generated by org.testng.reporters.JUnitXMLReporter -->
<testsuite hostname="a-0d60a2f203f14" name="Test A1" tests="4" failures="0" timestamp="21 Nov 2011 00:13:06 GMT" time="0.562" errors="0">
  <testcase name="testcaseA1" time="0.0" classname="com.qtpselenium.suiteA.TestCase_A1"/>
  <testcase name="testcaseA1" time="0.0" classname="com.qtpselenium.suiteA.TestCase_A1">
    <skipped/>
  </testcase>
  <testcase name="testcaseA1" time="0.0" classname="com.qtpselenium.suiteA.TestCase_A1">
    <skipped/>
  </testcase>
  <testcase name="testcaseA1" time="0.016" classname="com.qtpselenium.suiteA.TestCase_A1"/>
</testsuite>
