<?xml version="1.0" encoding="UTF-8"?>
<!-- Generated by org.testng.reporters.JUnitXMLReporter -->
<testsuite hostname="a-0d60a2f203f14" name="Test C1" tests="4" failures="0" timestamp="21 Nov 2011 00:13:06 GMT" time="0.0" errors="0">
  <testcase name="@BeforeTest checkTestSkip" time="0.0" classname="com.qtpselenium.suiteC.TestCase_C1">
    <skipped/>
  </testcase>
  <testcase name="testcaseC1" time="0.0" classname="com.qtpselenium.suiteC.TestCase_C1">
    <skipped/>
  </testcase>
  <testcase name="testcaseC1" time="0.0" classname="com.qtpselenium.suiteC.TestCase_C1">
    <skipped/>
  </testcase>
  <testcase name="testcaseC1" time="0.0" classname="com.qtpselenium.suiteC.TestCase_C1">
    <skipped/>
  </testcase>
  <testcase name="testcaseC1" time="0.0" classname="com.qtpselenium.suiteC.TestCase_C1">
    <skipped/>
  </testcase>
</testsuite>
