<?xml version="1.0" encoding="UTF-8"?>
<!-- Generated by org.testng.reporters.JUnitXMLReporter -->
<testsuite hostname="a-0d60a2f203f14" name="Test B1" tests="4" failures="0" timestamp="21 Nov 2011 00:13:06 GMT" time="0.016" errors="0">
  <testcase name="testcaseB1" time="0.0" classname="com.qtpselenium.suiteB.TestCase_B1"/>
  <testcase name="testcaseB1" time="0.0" classname="com.qtpselenium.suiteB.TestCase_B1">
    <skipped/>
  </testcase>
  <testcase name="testcaseB1" time="0.0" classname="com.qtpselenium.suiteB.TestCase_B1"/>
  <testcase name="testcaseB1" time="0.0" classname="com.qtpselenium.suiteB.TestCase_B1"/>
</testsuite>
