<?xml version="1.0" encoding="UTF-8"?>
<testng-results skipped="0" failed="0" total="1" passed="1">
  <reporter-output>
  </reporter-output>
  <suite name="Default suite" duration-ms="6636750" started-at="2012-04-30T02:21:18Z" finished-at="2012-04-30T04:11:55Z">
    <groups>
    </groups>
    <test name="Default test" duration-ms="6636750" started-at="2012-04-30T02:21:18Z" finished-at="2012-04-30T04:11:55Z">
      <class name="testscript.DriverScript">
        <test-method status="PASS" signature="startTesting()[pri:0, instance:testscript.DriverScript@789144]" name="startTesting" is-config="true" duration-ms="125" started-at="2012-04-30T02:21:18Z" finished-at="2012-04-30T02:21:18Z">
        </test-method>
        <test-method status="PASS" signature="initialize()[pri:0, instance:testscript.DriverScript@789144]" name="initialize" is-config="true" duration-ms="1250" started-at="2012-04-30T02:21:19Z" finished-at="2012-04-30T02:21:20Z">
        </test-method>
        <test-method status="PASS" signature="testApp()[pri:0, instance:testscript.DriverScript@789144]" name="testApp" duration-ms="6635437" started-at="2012-04-30T02:21:20Z" finished-at="2012-04-30T04:11:55Z">
        </test-method>
        <test-method status="PASS" signature="endScript()[pri:0, instance:testscript.DriverScript@789144]" name="endScript" is-config="true" duration-ms="0" started-at="2012-04-30T04:11:56Z" finished-at="2012-04-30T04:11:56Z">
        </test-method>
      </class>
    </test>
  </suite>
</testng-results>
